app/build/outputs/logs/manifest-merger-release-report.txt
-- Merging decision tree log ---
manifest
ADDED from src/main/AndroidManifest.xml:2:1-30:12
INJECTED from src/main/AndroidManifest.xml:2:1-30:12
INJECTED from src/main/AndroidManifest.xml:2:1-30:12
INJECTED from src/main/AndroidManifest.xml:2:1-30:12
MERGED from [com.android.support:design:23.4.0] AndroidManifest.xml:17:1-24:12
MERGED from [com.android.support:appcompat-v7:23.4.0] AndroidManifest.xml:17:1-27:12
MERGED from [com.estimote:sdk:1.4.1] AndroidManifest.xml:2:1-14:12
MERGED from [com.android.support:recyclerview-v7:23.4.0] AndroidManifest.xml:17:1-22:12
MERGED from [com.android.support:animated-vector-drawable:23.4.0] AndroidManifest.xml:2:1-9:12
MERGED from [com.android.support:support-vector-drawable:23.4.0] AndroidManifest.xml:2:1-9:12
MERGED from [com.android.support:support-v4:23.4.0] AndroidManifest.xml:17:1-24:12
MERGED from [com.estimote:mgmtsdk:1.4.0] AndroidManifest.xml:2:1-29:12
MERGED from [com.estimote:management-sdk:0.3.0] AndroidManifest.xml:2:1-14:12
MERGED from [com.estimote:coresdk:1.3.1] AndroidManifest.xml:2:1-34:12
MERGED from [com.estimote:ketchup:0.0.3] AndroidManifest.xml:2:1-15:12
MERGED from [com.estimote:cloud-plugin:0.4.0] AndroidManifest.xml:2:1-18:12
MERGED from [com.estimote:scanning-sdk:0.5.0] AndroidManifest.xml:2:1-25:12
MERGED from [com.estimote:internal-plugins-api:0.6.0] AndroidManifest.xml:2:1-14:12
MERGED from [io.reactivex.rxjava2:rxandroid:2.0.1] AndroidManifest.xml:15:1-21:12
INJECTED from src/main/AndroidManifest.xml:2:1-30:12
INJECTED from src/main/AndroidManifest.xml:2:1-30:12
INJECTED from src/main/AndroidManifest.xml:2:1-30:12
	package
		ADDED from src/main/AndroidManifest.xml:3:5-39
		INJECTED from src/main/AndroidManifest.xml
		INJECTED from src/main/AndroidManifest.xml
	android:versionName
		INJECTED from src/main/AndroidManifest.xml
		ADDED from src/main/AndroidManifest.xml:2:1-30:12
		INJECTED from src/main/AndroidManifest.xml
	android:versionCode
		INJECTED from src/main/AndroidManifest.xml
		ADDED from src/main/AndroidManifest.xml:2:1-30:12
		INJECTED from src/main/AndroidManifest.xml
	xmlns:android
		ADDED from src/main/AndroidManifest.xml:2:11-69
uses-permission#android.permission.INTERNET
ADDED from src/main/AndroidManifest.xml:5:5-67
MERGED from [com.estimote:mgmtsdk:1.4.0] AndroidManifest.xml:15:5-67
MERGED from [com.estimote:mgmtsdk:1.4.0] AndroidManifest.xml:15:5-67
MERGED from [com.estimote:coresdk:1.3.1] AndroidManifest.xml:15:5-67
MERGED from [com.estimote:coresdk:1.3.1] AndroidManifest.xml:15:5-67
MERGED from [com.estimote:cloud-plugin:0.4.0] AndroidManifest.xml:12:5-67
MERGED from [com.estimote:cloud-plugin:0.4.0] AndroidManifest.xml:12:5-67
	android:name
		ADDED from src/main/AndroidManifest.xml:5:22-64
uses-permission#android.permission.ACCESS_NETWORK_STATE
ADDED from src/main/AndroidManifest.xml:6:5-79
MERGED from [com.estimote:mgmtsdk:1.4.0] AndroidManifest.xml:16:5-79
MERGED from [com.estimote:mgmtsdk:1.4.0] AndroidManifest.xml:16:5-79
MERGED from [com.estimote:coresdk:1.3.1] AndroidManifest.xml:16:5-79
MERGED from [com.estimote:coresdk:1.3.1] AndroidManifest.xml:16:5-79
MERGED from [com.estimote:cloud-plugin:0.4.0] AndroidManifest.xml:13:5-79
MERGED from [com.estimote:cloud-plugin:0.4.0] AndroidManifest.xml:13:5-79
	android:name
		ADDED from src/main/AndroidManifest.xml:6:22-76
application
ADDED from src/main/AndroidManifest.xml:10:5-28:19
MERGED from [com.android.support:design:23.4.0] AndroidManifest.xml:22:5-20
MERGED from [com.android.support:design:23.4.0] AndroidManifest.xml:22:5-20
MERGED from [com.android.support:appcompat-v7:23.4.0] AndroidManifest.xml:25:5-20
MERGED from [com.android.support:appcompat-v7:23.4.0] AndroidManifest.xml:25:5-20
MERGED from [com.estimote:sdk:1.4.1] AndroidManifest.xml:11:5-12:19
MERGED from [com.estimote:sdk:1.4.1] AndroidManifest.xml:11:5-12:19
MERGED from [com.android.support:animated-vector-drawable:23.4.0] AndroidManifest.xml:7:5-20
MERGED from [com.android.support:animated-vector-drawable:23.4.0] AndroidManifest.xml:7:5-20
MERGED from [com.android.support:support-vector-drawable:23.4.0] AndroidManifest.xml:7:5-20
MERGED from [com.android.support:support-vector-drawable:23.4.0] AndroidManifest.xml:7:5-20
MERGED from [com.android.support:support-v4:23.4.0] AndroidManifest.xml:22:5-20
MERGED from [com.android.support:support-v4:23.4.0] AndroidManifest.xml:22:5-20
MERGED from [com.estimote:mgmtsdk:1.4.0] AndroidManifest.xml:22:5-27:19
MERGED from [com.estimote:mgmtsdk:1.4.0] AndroidManifest.xml:22:5-27:19
MERGED from [com.estimote:management-sdk:0.3.0] AndroidManifest.xml:11:5-12:19
MERGED from [com.estimote:management-sdk:0.3.0] AndroidManifest.xml:11:5-12:19
MERGED from [com.estimote:coresdk:1.3.1] AndroidManifest.xml:22:5-32:19
MERGED from [com.estimote:coresdk:1.3.1] AndroidManifest.xml:22:5-32:19
MERGED from [com.estimote:ketchup:0.0.3] AndroidManifest.xml:12:5-13:19
MERGED from [com.estimote:ketchup:0.0.3] AndroidManifest.xml:12:5-13:19
MERGED from [com.estimote:cloud-plugin:0.4.0] AndroidManifest.xml:15:5-16:19
MERGED from [com.estimote:cloud-plugin:0.4.0] AndroidManifest.xml:15:5-16:19
MERGED from [com.estimote:scanning-sdk:0.5.0] AndroidManifest.xml:18:5-23:19
MERGED from [com.estimote:scanning-sdk:0.5.0] AndroidManifest.xml:18:5-23:19
MERGED from [com.estimote:internal-plugins-api:0.6.0] AndroidManifest.xml:11:5-12:19
MERGED from [com.estimote:internal-plugins-api:0.6.0] AndroidManifest.xml:11:5-12:19
	android:supportsRtl
		ADDED from src/main/AndroidManifest.xml:15:9-35
	android:label
		ADDED from src/main/AndroidManifest.xml:14:9-41
	android:icon
		ADDED from src/main/AndroidManifest.xml:13:9-43
	android:allowBackup
		ADDED from src/main/AndroidManifest.xml:12:9-35
	android:theme
		ADDED from src/main/AndroidManifest.xml:16:9-40
	android:name
		ADDED from src/main/AndroidManifest.xml:11:9-62
activity#com.estimote.tempControl.MainActivity
ADDED from src/main/AndroidManifest.xml:18:9-26:20
	android:label
		ADDED from src/main/AndroidManifest.xml:20:13-45
	android:theme
		ADDED from src/main/AndroidManifest.xml:21:13-56
	android:name
		ADDED from src/main/AndroidManifest.xml:19:13-65
intent-filter#action:name:android.intent.action.MAIN+category:name:android.intent.category.LAUNCHER
ADDED from src/main/AndroidManifest.xml:22:13-25:29
action#android.intent.action.MAIN
ADDED from src/main/AndroidManifest.xml:23:17-69
	android:name
		ADDED from src/main/AndroidManifest.xml:23:25-66
category#android.intent.category.LAUNCHER
ADDED from src/main/AndroidManifest.xml:24:17-77
	android:name
		ADDED from src/main/AndroidManifest.xml:24:27-74
uses-sdk
INJECTED from src/main/AndroidManifest.xml reason: use-sdk injection requested
INJECTED from src/main/AndroidManifest.xml
INJECTED from src/main/AndroidManifest.xml
MERGED from [com.android.support:design:23.4.0] AndroidManifest.xml:20:5-43
MERGED from [com.android.support:design:23.4.0] AndroidManifest.xml:20:5-43
MERGED from [com.android.support:appcompat-v7:23.4.0] AndroidManifest.xml:21:5-23:78
MERGED from [com.android.support:appcompat-v7:23.4.0] AndroidManifest.xml:21:5-23:78
MERGED from [com.estimote:sdk:1.4.1] AndroidManifest.xml:7:5-9:41
MERGED from [com.estimote:sdk:1.4.1] AndroidManifest.xml:7:5-9:41
MERGED from [com.android.support:recyclerview-v7:23.4.0] AndroidManifest.xml:20:5-43
MERGED from [com.android.support:recyclerview-v7:23.4.0] AndroidManifest.xml:20:5-43
MERGED from [com.android.support:animated-vector-drawable:23.4.0] AndroidManifest.xml:5:5-44
MERGED from [com.android.support:animated-vector-drawable:23.4.0] AndroidManifest.xml:5:5-44
MERGED from [com.android.support:support-vector-drawable:23.4.0] AndroidManifest.xml:5:5-43
MERGED from [com.android.support:support-vector-drawable:23.4.0] AndroidManifest.xml:5:5-43
MERGED from [com.android.support:support-v4:23.4.0] AndroidManifest.xml:20:5-43
MERGED from [com.android.support:support-v4:23.4.0] AndroidManifest.xml:20:5-43
MERGED from [com.estimote:mgmtsdk:1.4.0] AndroidManifest.xml:7:5-43
MERGED from [com.estimote:mgmtsdk:1.4.0] AndroidManifest.xml:7:5-43
MERGED from [com.estimote:management-sdk:0.3.0] AndroidManifest.xml:7:5-9:41
MERGED from [com.estimote:management-sdk:0.3.0] AndroidManifest.xml:7:5-9:41
MERGED from [com.estimote:coresdk:1.3.1] AndroidManifest.xml:7:5-43
MERGED from [com.estimote:coresdk:1.3.1] AndroidManifest.xml:7:5-43
MERGED from [com.estimote:ketchup:0.0.3] AndroidManifest.xml:8:5-10:41
MERGED from [com.estimote:ketchup:0.0.3] AndroidManifest.xml:8:5-10:41
MERGED from [com.estimote:cloud-plugin:0.4.0] AndroidManifest.xml:7:5-9:41
MERGED from [com.estimote:cloud-plugin:0.4.0] AndroidManifest.xml:7:5-9:41
MERGED from [com.estimote:scanning-sdk:0.5.0] AndroidManifest.xml:7:5-9:41
MERGED from [com.estimote:scanning-sdk:0.5.0] AndroidManifest.xml:7:5-9:41
MERGED from [com.estimote:internal-plugins-api:0.6.0] AndroidManifest.xml:7:5-9:41
MERGED from [com.estimote:internal-plugins-api:0.6.0] AndroidManifest.xml:7:5-9:41
MERGED from [io.reactivex.rxjava2:rxandroid:2.0.1] AndroidManifest.xml:19:5-43
MERGED from [io.reactivex.rxjava2:rxandroid:2.0.1] AndroidManifest.xml:19:5-43
INJECTED from src/main/AndroidManifest.xml
INJECTED from src/main/AndroidManifest.xml
	tools:overrideLibrary
		ADDED from [com.android.support:appcompat-v7:23.4.0] AndroidManifest.xml:23:9-75
	android:targetSdkVersion
		INJECTED from src/main/AndroidManifest.xml
		ADDED from src/main/AndroidManifest.xml
		INJECTED from src/main/AndroidManifest.xml
	android:minSdkVersion
		INJECTED from src/main/AndroidManifest.xml
		ADDED from src/main/AndroidManifest.xml
		INJECTED from src/main/AndroidManifest.xml
uses-permission#android.permission.BLUETOOTH
ADDED from [com.estimote:mgmtsdk:1.4.0] AndroidManifest.xml:10:5-68
MERGED from [com.estimote:coresdk:1.3.1] AndroidManifest.xml:10:5-68
MERGED from [com.estimote:coresdk:1.3.1] AndroidManifest.xml:10:5-68
MERGED from [com.estimote:scanning-sdk:0.5.0] AndroidManifest.xml:12:5-68
MERGED from [com.estimote:scanning-sdk:0.5.0] AndroidManifest.xml:12:5-68
	android:name
		ADDED from [com.estimote:mgmtsdk:1.4.0] AndroidManifest.xml:10:22-65
uses-permission#android.permission.BLUETOOTH_ADMIN
ADDED from [com.estimote:mgmtsdk:1.4.0] AndroidManifest.xml:11:5-74
MERGED from [com.estimote:coresdk:1.3.1] AndroidManifest.xml:11:5-74
MERGED from [com.estimote:coresdk:1.3.1] AndroidManifest.xml:11:5-74
MERGED from [com.estimote:scanning-sdk:0.5.0] AndroidManifest.xml:13:5-74
MERGED from [com.estimote:scanning-sdk:0.5.0] AndroidManifest.xml:13:5-74
	android:name
		ADDED from [com.estimote:mgmtsdk:1.4.0] AndroidManifest.xml:11:22-71
uses-permission-sdk-23#android.permission.ACCESS_COARSE_LOCATION
ADDED from [com.estimote:mgmtsdk:1.4.0] AndroidManifest.xml:13:5-88
MERGED from [com.estimote:coresdk:1.3.1] AndroidManifest.xml:13:5-88
MERGED from [com.estimote:coresdk:1.3.1] AndroidManifest.xml:13:5-88
MERGED from [com.estimote:scanning-sdk:0.5.0] AndroidManifest.xml:16:5-88
MERGED from [com.estimote:scanning-sdk:0.5.0] AndroidManifest.xml:16:5-88
	android:name
		ADDED from [com.estimote:mgmtsdk:1.4.0] AndroidManifest.xml:13:29-85
uses-feature#android.hardware.bluetooth_le
ADDED from [com.estimote:mgmtsdk:1.4.0] AndroidManifest.xml:18:5-20:36
MERGED from [com.estimote:coresdk:1.3.1] AndroidManifest.xml:18:5-20:36
MERGED from [com.estimote:coresdk:1.3.1] AndroidManifest.xml:18:5-20:36
	android:required
		ADDED from [com.estimote:mgmtsdk:1.4.0] AndroidManifest.xml:20:9-33
	android:name
		ADDED from [com.estimote:mgmtsdk:1.4.0] AndroidManifest.xml:19:9-53
service#com.estimote.mgmtsdk.connection.strategy.DeviceConnectionProviderService
ADDED from [com.estimote:mgmtsdk:1.4.0] AndroidManifest.xml:23:9-25:40
	android:exported
		ADDED from [com.estimote:mgmtsdk:1.4.0] AndroidManifest.xml:25:13-37
	android:name
		ADDED from [com.estimote:mgmtsdk:1.4.0] AndroidManifest.xml:24:13-100
service#com.estimote.mgmtsdk.repackaged.dfu_v0_6_1.no.nordicsemi.android.dfu.DfuBaseService
ADDED from [com.estimote:mgmtsdk:1.4.0] AndroidManifest.xml:26:9-119
	android:name
		ADDED from [com.estimote:mgmtsdk:1.4.0] AndroidManifest.xml:26:18-116
service#com.estimote.coresdk.service.BeaconService
ADDED from [com.estimote:coresdk:1.3.1] AndroidManifest.xml:23:9-25:40
	android:exported
		ADDED from [com.estimote:coresdk:1.3.1] AndroidManifest.xml:25:13-37
	android:name
		ADDED from [com.estimote:coresdk:1.3.1] AndroidManifest.xml:24:13-70
activity#com.estimote.coresdk.common.requirements.DefaultRequirementsCheckerCallback$Activity
ADDED from [com.estimote:coresdk:1.3.1] AndroidManifest.xml:27:9-29:56
	android:theme
		ADDED from [com.estimote:coresdk:1.3.1] AndroidManifest.xml:29:13-53
	android:name
		ADDED from [com.estimote:coresdk:1.3.1] AndroidManifest.xml:28:13-112
receiver#com.estimote.coresdk.scanning.scheduling.SystemAlarmManager$AlarmBroadcastReceiver
ADDED from [com.estimote:coresdk:1.3.1] AndroidManifest.xml:31:9-119
	android:name
		ADDED from [com.estimote:coresdk:1.3.1] AndroidManifest.xml:31:19-116
service#com.estimote.scanning_sdk.packet_provider.service.PacketProviderWrapperService
ADDED from [com.estimote:scanning-sdk:0.5.0] AndroidManifest.xml:19:9-22:40
	android:enabled
		ADDED from [com.estimote:scanning-sdk:0.5.0] AndroidManifest.xml:21:13-35
	android:exported
		ADDED from [com.estimote:scanning-sdk:0.5.0] AndroidManifest.xml:22:13-37
	android:name
		ADDED from [com.estimote:scanning-sdk:0.5.0] AndroidManifest.xml:20:13-106